<?xml version="1.0" encoding="UTF-8"?>
<!-- Generated by org.testng.reporters.JUnitReportReporter -->
<testsuite skipped="0" hostname="VIRENDRA-PC" name="TestNG.Example3" tests="2" failures="0" timestamp="2022-05-12T11:02:56 IST" time="0.023" errors="0">
  <testcase name="testcase7" time="0.020" classname="TestNG.Example3"/>
  <system-out/>
  <testcase name="testcase8" time="0.003" classname="TestNG.Example3"/>
  <system-out/>
</testsuite> <!-- TestNG.Example3 -->
