<?xml version="1.0" encoding="UTF-8"?>
<!-- Generated by org.testng.reporters.JUnitReportReporter -->
<testsuite skipped="0" hostname="VIRENDRA-PC" name="TestNG.Example_Annotation" tests="2" failures="0" timestamp="2022-05-13T13:16:28 IST" time="0.031" errors="0">
  <testcase name="creattask" time="0.016" classname="TestNG.Example_Annotation"/>
  <system-out/>
  <testcase name="verifyLogin" time="0.015" classname="TestNG.Example_Annotation"/>
  <system-out/>
</testsuite> <!-- TestNG.Example_Annotation -->
