<?xml version="1.0" encoding="UTF-8"?>
<!-- Generated by org.testng.reporters.JUnitReportReporter -->
<testsuite skipped="0" hostname="VIRENDRA-PC" name="Assignment.Saucedemo" tests="1" failures="0" timestamp="2022-05-12T14:26:23 IST" time="6.043" errors="0">
  <testcase name="demoValidation" time="6.043" classname="Assignment.Saucedemo"/>
  <system-out/>
</testsuite> <!-- Assignment.Saucedemo -->
