<?xml version="1.0" encoding="UTF-8"?>
<!-- Generated by org.testng.reporters.JUnitReportReporter -->
<testsuite skipped="0" hostname="VIRENDRA-PC" name="TestNG.Example1" tests="2" failures="0" timestamp="2022-05-11T22:41:30 IST" time="0.014" errors="0">
  <testcase name="testCase6" time="0.013" classname="TestNG.Example1"/>
  <system-out/>
  <testcase name="testcase5" time="0.001" classname="TestNG.Example1"/>
  <system-out/>
</testsuite> <!-- TestNG.Example1 -->
