<?xml version="1.0" encoding="UTF-8"?>
<!-- Generated by org.testng.reporters.JUnitReportReporter -->
<testsuite skipped="0" hostname="VIRENDRA-PC" name="TestNG.Exampe2" tests="1" failures="0" timestamp="2022-05-11T22:46:06 IST" time="0.013" errors="0">
  <testcase name="main" time="0.013" classname="TestNG.Exampe2"/>
  <system-out/>
</testsuite> <!-- TestNG.Exampe2 -->
